0 info it worked if it ends with ok
1 verbose cli [ 'C:\\Program Files\\nodejs\\node.exe',
1 verbose cli   'C:\\Program Files\\nodejs\\node_modules\\npm\\bin\\npm-cli.js',
1 verbose cli   '--save-dev',
1 verbose cli   'install',
1 verbose cli   'react-hot-reloader' ]
2 info using npm@2.14.12
3 info using node@v4.2.4
4 verbose install initial load of D:\javascript\ReactJS\package.json
5 warn package.json myblog@1.0.0 No repository field.
6 verbose installManyTop reading scoped package data from D:\javascript\ReactJS\node_modules\babel-core\package.json
7 verbose installManyTop reading scoped package data from D:\javascript\ReactJS\node_modules\babel-loader\package.json
8 verbose installManyTop reading scoped package data from D:\javascript\ReactJS\node_modules\classnames\package.json
9 verbose installManyTop reading scoped package data from D:\javascript\ReactJS\node_modules\eslint-config-standard\package.json
10 verbose installManyTop reading scoped package data from D:\javascript\ReactJS\node_modules\eslint-plugin-react\package.json
11 verbose installManyTop reading scoped package data from D:\javascript\ReactJS\node_modules\eslint-plugin-standard\package.json
12 verbose installManyTop reading scoped package data from D:\javascript\ReactJS\node_modules\flux\package.json
13 verbose installManyTop reading scoped package data from D:\javascript\ReactJS\node_modules\jsx-loader\package.json
14 verbose installManyTop reading scoped package data from D:\javascript\ReactJS\node_modules\object-assign\package.json
15 verbose installManyTop reading scoped package data from D:\javascript\ReactJS\node_modules\open-browser-webpack-plugin\package.json
16 verbose installManyTop reading scoped package data from D:\javascript\ReactJS\node_modules\react\package.json
17 verbose installManyTop reading scoped package data from D:\javascript\ReactJS\node_modules\react-dom\package.json
18 verbose installManyTop reading scoped package data from D:\javascript\ReactJS\node_modules\webpack\package.json
19 verbose installManyTop reading scoped package data from D:\javascript\ReactJS\node_modules\webpack-dev-server\package.json
20 info package.json flux@2.0.3 license should be a valid SPDX license expression
21 info package.json jsx-loader@0.13.2 license should be a valid SPDX license expression
22 verbose readDependencies loading dependencies from D:\javascript\ReactJS\package.json
23 silly cache add args [ 'react-hot-reloader', null ]
24 verbose cache add spec react-hot-reloader
25 silly cache add parsed spec Result {
25 silly cache add   raw: 'react-hot-reloader',
25 silly cache add   scope: null,
25 silly cache add   name: 'react-hot-reloader',
25 silly cache add   rawSpec: '',
25 silly cache add   spec: 'latest',
25 silly cache add   type: 'tag' }
26 silly addNamed react-hot-reloader@latest
27 verbose addNamed "latest" is being treated as a dist-tag for react-hot-reloader
28 info addNameTag [ 'react-hot-reloader', 'latest' ]
29 silly mapToRegistry name react-hot-reloader
30 silly mapToRegistry using default registry
31 silly mapToRegistry registry https://registry.npmjs.org/
32 silly mapToRegistry uri https://registry.npmjs.org/react-hot-reloader
33 verbose addNameTag registry:https://registry.npmjs.org/react-hot-reloader not in flight; fetching
34 verbose request uri https://registry.npmjs.org/react-hot-reloader
35 verbose request no auth needed
36 info attempt registry request try #1 at 21:56:30
37 verbose request id ed3fc4b08ed1746b
38 http request GET https://registry.npmjs.org/react-hot-reloader
39 http 404 https://registry.npmjs.org/react-hot-reloader
40 verbose headers { 'content-type': 'application/json',
40 verbose headers   'cache-control': 'max-age=0',
40 verbose headers   'content-length': '2',
40 verbose headers   'accept-ranges': 'bytes',
40 verbose headers   date: 'Wed, 27 Jan 2016 02:56:01 GMT',
40 verbose headers   via: '1.1 varnish',
40 verbose headers   age: '0',
40 verbose headers   connection: 'keep-alive',
40 verbose headers   'x-served-by': 'cache-jfk1022-JFK',
40 verbose headers   'x-cache': 'MISS',
40 verbose headers   'x-cache-hits': '0',
40 verbose headers   'x-timer': 'S1453863361.297176,VS0,VE21' }
41 silly get cb [ 404,
41 silly get   { 'content-type': 'application/json',
41 silly get     'cache-control': 'max-age=0',
41 silly get     'content-length': '2',
41 silly get     'accept-ranges': 'bytes',
41 silly get     date: 'Wed, 27 Jan 2016 02:56:01 GMT',
41 silly get     via: '1.1 varnish',
41 silly get     age: '0',
41 silly get     connection: 'keep-alive',
41 silly get     'x-served-by': 'cache-jfk1022-JFK',
41 silly get     'x-cache': 'MISS',
41 silly get     'x-cache-hits': '0',
41 silly get     'x-timer': 'S1453863361.297176,VS0,VE21' } ]
42 verbose stack Error: Registry returned 404 for GET on https://registry.npmjs.org/react-hot-reloader
42 verbose stack     at makeError (C:\Program Files\nodejs\node_modules\npm\node_modules\npm-registry-client\lib\request.js:264:12)
42 verbose stack     at CachingRegistryClient.<anonymous> (C:\Program Files\nodejs\node_modules\npm\node_modules\npm-registry-client\lib\request.js:242:14)
42 verbose stack     at Request._callback (C:\Program Files\nodejs\node_modules\npm\node_modules\npm-registry-client\lib\request.js:172:14)
42 verbose stack     at Request.self.callback (C:\Program Files\nodejs\node_modules\npm\node_modules\request\request.js:198:22)
42 verbose stack     at emitTwo (events.js:87:13)
42 verbose stack     at Request.emit (events.js:172:7)
42 verbose stack     at Request.<anonymous> (C:\Program Files\nodejs\node_modules\npm\node_modules\request\request.js:1082:10)
42 verbose stack     at emitOne (events.js:82:20)
42 verbose stack     at Request.emit (events.js:169:7)
42 verbose stack     at IncomingMessage.<anonymous> (C:\Program Files\nodejs\node_modules\npm\node_modules\request\request.js:1009:12)
43 verbose statusCode 404
44 verbose pkgid react-hot-reloader
45 verbose cwd D:\javascript\ReactJS
46 error Windows_NT 6.1.7601
47 error argv "C:\\Program Files\\nodejs\\node.exe" "C:\\Program Files\\nodejs\\node_modules\\npm\\bin\\npm-cli.js" "--save-dev" "install" "react-hot-reloader"
48 error node v4.2.4
49 error npm  v2.14.12
50 error code E404
51 error 404 Registry returned 404 for GET on https://registry.npmjs.org/react-hot-reloader
51 error 404
51 error 404 'react-hot-reloader' is not in the npm registry.
51 error 404 You should bug the author to publish it (or use the name yourself!)
51 error 404 It was specified as a dependency of 'myblog'
51 error 404
51 error 404 Note that you can also install from a
51 error 404 tarball, folder, http url, or git url.
52 verbose exit [ 1, true ]
